main/build/outputs/logs/manifest-merger-modern-debug-report.txt
-- Merging decision tree log ---
manifest
ADDED from src\main\AndroidManifest.xml:8:1-187:12
INJECTED from src\main\AndroidManifest.xml:8:1-187:12
INJECTED from src\main\AndroidManifest.xml:8:1-187:12
INJECTED from src\main\AndroidManifest.xml:8:1-187:12
INJECTED from src\main\AndroidManifest.xml:8:1-187:12
INJECTED from src\main\AndroidManifest.xml:8:1-187:12
INJECTED from src\main\AndroidManifest.xml:8:1-187:12
	package
		ADDED from src\main\AndroidManifest.xml:10:5-32
		INJECTED from src\main\AndroidManifest.xml
		INJECTED from src\main\AndroidManifest.xml
	android:versionName
		INJECTED from src\main\AndroidManifest.xml
		ADDED from src\main\AndroidManifest.xml:8:1-187:12
		INJECTED from src\main\AndroidManifest.xml
	xmlns:tools
		ADDED from src\main\AndroidManifest.xml:9:5-51
	android:versionCode
		INJECTED from src\main\AndroidManifest.xml
		ADDED from src\main\AndroidManifest.xml:8:1-187:12
		INJECTED from src\main\AndroidManifest.xml
	xmlns:android
		ADDED from src\main\AndroidManifest.xml:8:11-69
uses-permission#android.permission.INTERNET
ADDED from src\main\AndroidManifest.xml:12:5-67
	android:name
		ADDED from src\main\AndroidManifest.xml:12:22-64
uses-permission#android.permission.ACCESS_NETWORK_STATE
ADDED from src\main\AndroidManifest.xml:13:5-79
	android:name
		ADDED from src\main\AndroidManifest.xml:13:22-76
uses-permission#android.permission.RECEIVE_BOOT_COMPLETED
ADDED from src\main\AndroidManifest.xml:15:5-81
	android:name
		ADDED from src\main\AndroidManifest.xml:15:22-78
uses-permission#android.permission.READ_EXTERNAL_STORAGE
ADDED from src\main\AndroidManifest.xml:16:5-80
	android:name
		ADDED from src\main\AndroidManifest.xml:16:22-77
uses-feature#android.software.leanback
ADDED from src\main\AndroidManifest.xml:21:5-23:36
	android:required
		ADDED from src\main\AndroidManifest.xml:23:9-33
	android:name
		ADDED from src\main\AndroidManifest.xml:22:9-49
uses-feature#android.hardware.touchscreen
ADDED from src\main\AndroidManifest.xml:24:5-26:36
	android:required
		ADDED from src\main\AndroidManifest.xml:26:9-33
	android:name
		ADDED from src\main\AndroidManifest.xml:25:9-52
application
ADDED from src\main\AndroidManifest.xml:28:5-185:19
	android:supportsRtl
		ADDED from src\main\AndroidManifest.xml:32:9-35
	tools:ignore
		ADDED from src\main\AndroidManifest.xml:34:9-39
	android:allowBackup
		ADDED from src\main\AndroidManifest.xml:30:9-35
	android:banner
		ADDED from src\main\AndroidManifest.xml:31:9-43
	android:theme
		ADDED from src\main\AndroidManifest.xml:33:9-38
	android:name
		ADDED from src\main\AndroidManifest.xml:29:9-51
activity#de.blinkt.openvpn.activities.VPNPreferences
ADDED from src\main\AndroidManifest.xml:35:9-38:57
	android:windowSoftInputMode
		ADDED from src\main\AndroidManifest.xml:38:13-54
	android:exported
		ADDED from src\main\AndroidManifest.xml:37:13-37
	android:name
		ADDED from src\main\AndroidManifest.xml:36:13-54
activity#de.blinkt.openvpn.activities.DisconnectVPN
ADDED from src\main\AndroidManifest.xml:40:9-46:52
	android:excludeFromRecents
		ADDED from src\main\AndroidManifest.xml:43:13-46
	android:autoRemoveFromRecents
		ADDED from src\main\AndroidManifest.xml:42:13-49
	android:noHistory
		ADDED from src\main\AndroidManifest.xml:44:13-37
	android:theme
		ADDED from src\main\AndroidManifest.xml:46:13-49
	android:taskAffinity
		ADDED from src\main\AndroidManifest.xml:45:13-50
	android:name
		ADDED from src\main\AndroidManifest.xml:41:13-53
activity#de.blinkt.openvpn.activities.LogWindow
ADDED from src\main\AndroidManifest.xml:48:9-52:47
	android:label
		ADDED from src\main\AndroidManifest.xml:51:13-48
	android:launchMode
		ADDED from src\main\AndroidManifest.xml:52:13-44
	android:allowTaskReparenting
		ADDED from src\main\AndroidManifest.xml:50:13-48
	android:name
		ADDED from src\main\AndroidManifest.xml:49:13-49
activity#de.blinkt.openvpn.activities.FileSelect
ADDED from src\main\AndroidManifest.xml:53:9-59
	android:name
		ADDED from src\main\AndroidManifest.xml:53:19-56
activity#de.blinkt.openvpn.activities.MainActivity
ADDED from src\main\AndroidManifest.xml:54:9-64:20
	tools:ignore
		ADDED from src\main\AndroidManifest.xml:56:13-44
	android:name
		ADDED from src\main\AndroidManifest.xml:55:13-52
intent-filter#android.intent.action.MAIN+android.intent.category.BROWSABLE+android.intent.category.LAUNCHER+android.intent.category.LEANBACK_LAUNCHER
ADDED from src\main\AndroidManifest.xml:57:13-63:29
action#android.intent.action.MAIN
ADDED from src\main\AndroidManifest.xml:58:17-69
	android:name
		ADDED from src\main\AndroidManifest.xml:58:25-66
category#android.intent.category.LEANBACK_LAUNCHER
ADDED from src\main\AndroidManifest.xml:60:17-86
	android:name
		ADDED from src\main\AndroidManifest.xml:60:27-83
category#android.intent.category.BROWSABLE
ADDED from src\main\AndroidManifest.xml:61:17-78
	android:name
		ADDED from src\main\AndroidManifest.xml:61:27-75
category#android.intent.category.LAUNCHER
ADDED from src\main\AndroidManifest.xml:62:17-77
	android:name
		ADDED from src\main\AndroidManifest.xml:62:27-74
service#de.blinkt.openvpn.core.OpenVPNService
ADDED from src\main\AndroidManifest.xml:66:9-72:19
	android:permission
		ADDED from src\main\AndroidManifest.xml:68:13-69
	android:name
		ADDED from src\main\AndroidManifest.xml:67:13-48
intent-filter#android.net.VpnService
ADDED from src\main\AndroidManifest.xml:69:13-71:29
action#android.net.VpnService
ADDED from src\main\AndroidManifest.xml:70:17-65
	android:name
		ADDED from src\main\AndroidManifest.xml:70:25-62
service#de.blinkt.openvpn.api.ExternalOpenVPNService
ADDED from src\main\AndroidManifest.xml:74:9-81:19
	tools:ignore
		ADDED from src\main\AndroidManifest.xml:76:13-43
	android:name
		ADDED from src\main\AndroidManifest.xml:75:13-55
intent-filter#de.blinkt.openvpn.api.IOpenVPNAPIService
ADDED from src\main\AndroidManifest.xml:78:13-80:29
action#de.blinkt.openvpn.api.IOpenVPNAPIService
ADDED from src\main\AndroidManifest.xml:79:17-83
	android:name
		ADDED from src\main\AndroidManifest.xml:79:25-80
activity#de.blinkt.openvpn.api.GrantPermissionsActivity
ADDED from src\main\AndroidManifest.xml:83:9-87:20
	android:name
		ADDED from src\main\AndroidManifest.xml:83:19-63
intent-filter#android.intent.action.MAIN
ADDED from src\main\AndroidManifest.xml:84:13-86:29
activity#de.blinkt.openvpn.api.ConfirmDialog
ADDED from src\main\AndroidManifest.xml:88:9-92:20
	android:name
		ADDED from src\main\AndroidManifest.xml:88:19-52
receiver#de.blinkt.openvpn.OnBootReceiver
ADDED from src\main\AndroidManifest.xml:94:9-100:20
	android:name
		ADDED from src\main\AndroidManifest.xml:94:19-49
intent-filter#android.intent.action.BOOT_COMPLETED+android.intent.action.MY_PACKAGE_REPLACED
ADDED from src\main\AndroidManifest.xml:95:13-99:29
	android:priority
		ADDED from src\main\AndroidManifest.xml:95:28-50
action#android.intent.action.BOOT_COMPLETED
ADDED from src\main\AndroidManifest.xml:96:17-79
	android:name
		ADDED from src\main\AndroidManifest.xml:96:25-76
action#android.intent.action.MY_PACKAGE_REPLACED
ADDED from src\main\AndroidManifest.xml:97:17-84
	android:name
		ADDED from src\main\AndroidManifest.xml:97:25-81
activity#de.blinkt.openvpn.activities.ConfigConverter
ADDED from src\main\AndroidManifest.xml:102:9-142:20
	android:label
		ADDED from src\main\AndroidManifest.xml:105:13-48
	android:excludeFromRecents
		ADDED from src\main\AndroidManifest.xml:104:13-46
	tools:ignore
		ADDED from src\main\AndroidManifest.xml:108:13-44
	android:uiOptions
		ADDED from src\main\AndroidManifest.xml:107:13-57
	android:taskAffinity
		ADDED from src\main\AndroidManifest.xml:106:13-52
	android:name
		ADDED from src\main\AndroidManifest.xml:103:13-55
intent-filter#android.intent.action.VIEW+android.intent.category.BROWSABLE+android.intent.category.DEFAULT
ADDED from src\main\AndroidManifest.xml:109:13-116:29
	android:label
		ADDED from src\main\AndroidManifest.xml:109:28-65
action#android.intent.action.VIEW
ADDED from src\main\AndroidManifest.xml:110:17-69
	android:name
		ADDED from src\main\AndroidManifest.xml:110:25-66
category#android.intent.category.DEFAULT
ADDED from src\main\AndroidManifest.xml:112:17-76
	android:name
		ADDED from src\main\AndroidManifest.xml:112:27-73
data
ADDED from src\main\AndroidManifest.xml:115:17-74
	android:host
		ADDED from src\main\AndroidManifest.xml:135:23-39
	android:scheme
		ADDED from src\main\AndroidManifest.xml:134:23-44
	android:pathPattern
		ADDED from src\main\AndroidManifest.xml:136:23-64
	android:mimeType
		ADDED from src\main\AndroidManifest.xml:115:23-71
activity#de.blinkt.openvpn.LaunchVPN
ADDED from src\main\AndroidManifest.xml:143:9-156:20
	android:label
		ADDED from src\main\AndroidManifest.xml:147:13-53
	android:excludeFromRecents
		ADDED from src\main\AndroidManifest.xml:146:13-46
	android:autoRemoveFromRecents
		ADDED from src\main\AndroidManifest.xml:145:13-49
	tools:ignore
		ADDED from src\main\AndroidManifest.xml:150:13-44
	android:theme
		ADDED from src\main\AndroidManifest.xml:149:13-49
	android:taskAffinity
		ADDED from src\main\AndroidManifest.xml:148:13-46
	android:name
		ADDED from src\main\AndroidManifest.xml:144:13-38
intent-filter#android.intent.action.MAIN+android.intent.category.DEFAULT
ADDED from src\main\AndroidManifest.xml:151:13-155:29
activity#de.blinkt.openvpn.activities.CreateShortcuts
ADDED from src\main\AndroidManifest.xml:159:9-169:20
	android:label
		ADDED from src\main\AndroidManifest.xml:162:13-49
	android:excludeFromRecents
		ADDED from src\main\AndroidManifest.xml:161:13-46
	android:theme
		ADDED from src\main\AndroidManifest.xml:164:13-85
	android:taskAffinity
		ADDED from src\main\AndroidManifest.xml:163:13-52
	android:name
		ADDED from src\main\AndroidManifest.xml:160:13-55
intent-filter#android.intent.action.CREATE_SHORTCUT+android.intent.category.DEFAULT
ADDED from src\main\AndroidManifest.xml:165:13-168:29
action#android.intent.action.CREATE_SHORTCUT
ADDED from src\main\AndroidManifest.xml:166:17-80
	android:name
		ADDED from src\main\AndroidManifest.xml:166:25-77
provider#de.blinkt.openvpn.FileProvider
ADDED from src\main\AndroidManifest.xml:171:9-176:54
	android:grantUriPermissions
		ADDED from src\main\AndroidManifest.xml:175:13-47
	android:authorities
		ADDED from src\main\AndroidManifest.xml:173:13-65
	android:exported
		ADDED from src\main\AndroidManifest.xml:174:13-36
	tools:ignore
		ADDED from src\main\AndroidManifest.xml:176:13-51
	android:name
		ADDED from src\main\AndroidManifest.xml:172:13-41
uses-sdk
INJECTED from src\main\AndroidManifest.xml reason: use-sdk injection requested
INJECTED from src\main\AndroidManifest.xml
INJECTED from src\main\AndroidManifest.xml
INJECTED from src\main\AndroidManifest.xml
INJECTED from src\main\AndroidManifest.xml
	android:targetSdkVersion
		INJECTED from src\main\AndroidManifest.xml
		ADDED from src\main\AndroidManifest.xml
		INJECTED from src\main\AndroidManifest.xml
	android:minSdkVersion
		INJECTED from src\main\AndroidManifest.xml
		ADDED from src\main\AndroidManifest.xml
		INJECTED from src\main\AndroidManifest.xml